# JRE version: Java(TM) SE Runtime Environment (19.0.1+10) (build 19.0.1+10-21)
# Java VM: Java HotSpot(TM) 64-Bit Server VM (19.0.1+10-21, mixed mode, sharing, tiered, compressed oops, compressed class ptrs, g1 gc, windows-amd64)
GC Precious Log:
 CardTable entry size: 512
 Card Set container configuration: InlinePtr #cards 4 size 8 Array Of Cards #cards 32 size 80 Howl #buckets 8 coarsen threshold 7372 Howl Bitmap #cards 1024 size 144 coarsen threshold 921 Card regions per heap region 1 cards per card region 8192
 CPUs: 8 total, 8 available
 Memory: 20313M
 Large Page Support: Disabled
 NUMA Support: Disabled
 Compressed Oops: Enabled (Zero based)
 Heap Region Size: 4M
 Heap Min Capacity: 8M
 Heap Initial Capacity: 320M
 Heap Max Capacity: 5080M
 Pre-touch: Disabled
 Parallel Workers: 8
 Concurrent Workers: 2
 Concurrent Refinement Workers: 8
 Periodic GC: Disabled
Heap:
 garbage-first heap   total 81920K, used 46292K [0x00000006c2800000, 0x0000000800000000)
  region size 4096K, 6 young (24576K), 1 survivors (4096K)
 Metaspace       used 70054K, committed 70720K, reserved 1114112K
  class space    used 9032K, committed 9344K, reserved 1048576K
GC Heap History (20 events):
Event: 1534.905 GC heap before
{Heap before GC invocations=43 (full 0):
 garbage-first heap   total 81920K, used 62624K [0x00000006c2800000, 0x0000000800000000)
  region size 4096K, 9 young (36864K), 1 survivors (4096K)
 Metaspace       used 70008K, committed 70656K, reserved 1114112K
  class space    used 9032K, committed 9344K, reserved 1048576K
}
Event: 1534.905 GC heap after
{Heap after GC invocations=44 (full 0):
 garbage-first heap   total 81920K, used 29886K [0x00000006c2800000, 0x0000000800000000)
  region size 4096K, 1 young (4096K), 1 survivors (4096K)
 Metaspace       used 70008K, committed 70656K, reserved 1114112K
  class space    used 9032K, committed 9344K, reserved 1048576K
}
Event: 1559.348 GC heap before
{Heap before GC invocations=44 (full 0):
 garbage-first heap   total 81920K, used 62654K [0x00000006c2800000, 0x0000000800000000)
  region size 4096K, 9 young (36864K), 1 survivors (4096K)
 Metaspace       used 70019K, committed 70656K, reserved 1114112K
  class space    used 9032K, committed 9344K, reserved 1048576K
}
Event: 1559.349 GC heap after
{Heap after GC invocations=45 (full 0):
 garbage-first heap   total 81920K, used 29874K [0x00000006c2800000, 0x0000000800000000)
  region size 4096K, 1 young (4096K), 1 survivors (4096K)
 Metaspace       used 70019K, committed 70656K, reserved 1114112K
  class space    used 9032K, committed 9344K, reserved 1048576K
}
Event: 1574.578 GC heap before
{Heap before GC invocations=45 (full 0):
 garbage-first heap   total 81920K, used 62642K [0x00000006c2800000, 0x0000000800000000)
  region size 4096K, 9 young (36864K), 1 survivors (4096K)
 Metaspace       used 70019K, committed 70656K, reserved 1114112K
  class space    used 9032K, committed 9344K, reserved 1048576K
}
Event: 1574.579 GC heap after
{Heap after GC invocations=46 (full 0):
 garbage-first heap   total 81920K, used 29876K [0x00000006c2800000, 0x0000000800000000)
  region size 4096K, 1 young (4096K), 1 survivors (4096K)
 Metaspace       used 70019K, committed 70656K, reserved 1114112K
  class space    used 9032K, committed 9344K, reserved 1048576K
}
Event: 1575.922 GC heap before
{Heap before GC invocations=46 (full 0):
 garbage-first heap   total 81920K, used 62644K [0x00000006c2800000, 0x0000000800000000)
  region size 4096K, 9 young (36864K), 1 survivors (4096K)
 Metaspace       used 70019K, committed 70656K, reserved 1114112K
  class space    used 9032K, committed 9344K, reserved 1048576K
}
Event: 1575.922 GC heap after
{Heap after GC invocations=47 (full 0):
 garbage-first heap   total 81920K, used 29889K [0x00000006c2800000, 0x0000000800000000)
  region size 4096K, 1 young (4096K), 1 survivors (4096K)
 Metaspace       used 70019K, committed 70656K, reserved 1114112K
  class space    used 9032K, committed 9344K, reserved 1048576K
}
Event: 1577.963 GC heap before
{Heap before GC invocations=47 (full 0):
 garbage-first heap   total 81920K, used 62657K [0x00000006c2800000, 0x0000000800000000)
  region size 4096K, 9 young (36864K), 1 survivors (4096K)
 Metaspace       used 70027K, committed 70720K, reserved 1114112K
  class space    used 9032K, committed 9344K, reserved 1048576K
}
Event: 1577.963 GC heap after
{Heap after GC invocations=48 (full 0):
 garbage-first heap   total 81920K, used 29901K [0x00000006c2800000, 0x0000000800000000)
  region size 4096K, 1 young (4096K), 1 survivors (4096K)
 Metaspace       used 70027K, committed 70720K, reserved 1114112K
  class space    used 9032K, committed 9344K, reserved 1048576K
}
Event: 1578.704 GC heap before
{Heap before GC invocations=48 (full 0):
 garbage-first heap   total 81920K, used 62669K [0x00000006c2800000, 0x0000000800000000)
  region size 4096K, 9 young (36864K), 1 survivors (4096K)
 Metaspace       used 70027K, committed 70720K, reserved 1114112K
  class space    used 9032K, committed 9344K, reserved 1048576K
}
Event: 1578.705 GC heap after
{Heap after GC invocations=49 (full 0):
 garbage-first heap   total 81920K, used 29893K [0x00000006c2800000, 0x0000000800000000)
  region size 4096K, 1 young (4096K), 1 survivors (4096K)
 Metaspace       used 70027K, committed 70720K, reserved 1114112K
  class space    used 9032K, committed 9344K, reserved 1048576K
}
Event: 1579.912 GC heap before
{Heap before GC invocations=49 (full 0):
 garbage-first heap   total 81920K, used 62661K [0x00000006c2800000, 0x0000000800000000)
  region size 4096K, 9 young (36864K), 1 survivors (4096K)
 Metaspace       used 70027K, committed 70720K, reserved 1114112K
  class space    used 9032K, committed 9344K, reserved 1048576K
}
Event: 1579.912 GC heap after
{Heap after GC invocations=50 (full 0):
 garbage-first heap   total 81920K, used 29897K [0x00000006c2800000, 0x0000000800000000)
  region size 4096K, 1 young (4096K), 1 survivors (4096K)
 Metaspace       used 70027K, committed 70720K, reserved 1114112K
  class space    used 9032K, committed 9344K, reserved 1048576K
}
Event: 1581.569 GC heap before
{Heap before GC invocations=50 (full 0):
 garbage-first heap   total 81920K, used 62665K [0x00000006c2800000, 0x0000000800000000)
  region size 4096K, 9 young (36864K), 1 survivors (4096K)
 Metaspace       used 70029K, committed 70720K, reserved 1114112K
  class space    used 9032K, committed 9344K, reserved 1048576K
}
Event: 1581.570 GC heap after
{Heap after GC invocations=51 (full 0):
 garbage-first heap   total 81920K, used 29905K [0x00000006c2800000, 0x0000000800000000)
  region size 4096K, 1 young (4096K), 1 survivors (4096K)
 Metaspace       used 70029K, committed 70720K, reserved 1114112K
  class space    used 9032K, committed 9344K, reserved 1048576K
}
Event: 1582.092 GC heap before
{Heap before GC invocations=51 (full 0):
 garbage-first heap   total 81920K, used 62673K [0x00000006c2800000, 0x0000000800000000)
  region size 4096K, 9 young (36864K), 1 survivors (4096K)
 Metaspace       used 70035K, committed 70720K, reserved 1114112K
  class space    used 9032K, committed 9344K, reserved 1048576K
}
Event: 1582.092 GC heap after
{Heap after GC invocations=52 (full 0):
 garbage-first heap   total 81920K, used 29927K [0x00000006c2800000, 0x0000000800000000)
  region size 4096K, 1 young (4096K), 1 survivors (4096K)
 Metaspace       used 70035K, committed 70720K, reserved 1114112K
  class space    used 9032K, committed 9344K, reserved 1048576K
}
Event: 1582.558 GC heap before
{Heap before GC invocations=52 (full 0):
 garbage-first heap   total 81920K, used 62695K [0x00000006c2800000, 0x0000000800000000)
  region size 4096K, 9 young (36864K), 1 survivors (4096K)
 Metaspace       used 70053K, committed 70720K, reserved 1114112K
  class space    used 9032K, committed 9344K, reserved 1048576K
}
Event: 1582.558 GC heap after
{Heap after GC invocations=53 (full 0):
 garbage-first heap   total 81920K, used 29908K [0x00000006c2800000, 0x0000000800000000)
  region size 4096K, 1 young (4096K), 1 survivors (4096K)
 Metaspace       used 70053K, committed 70720K, reserved 1114112K
  class space    used 9032K, committed 9344K, reserved 1048576K
}

