# JRE version: Java(TM) SE Runtime Environment (19.0.1+10) (build 19.0.1+10-21)
# Java VM: Java HotSpot(TM) 64-Bit Server VM (19.0.1+10-21, mixed mode, sharing, tiered, compressed oops, compressed class ptrs, g1 gc, windows-amd64)
GC Precious Log:
 CardTable entry size: 512
 Card Set container configuration: InlinePtr #cards 4 size 8 Array Of Cards #cards 32 size 80 Howl #buckets 8 coarsen threshold 7372 Howl Bitmap #cards 1024 size 144 coarsen threshold 921 Card regions per heap region 1 cards per card region 8192
 CPUs: 8 total, 8 available
 Memory: 20313M
 Large Page Support: Disabled
 NUMA Support: Disabled
 Compressed Oops: Enabled (Zero based)
 Heap Region Size: 4M
 Heap Min Capacity: 8M
 Heap Initial Capacity: 320M
 Heap Max Capacity: 5080M
 Pre-touch: Disabled
 Parallel Workers: 8
 Concurrent Workers: 2
 Concurrent Refinement Workers: 8
 Periodic GC: Disabled
Heap:
 garbage-first heap   total 69632K, used 33873K [0x00000006c2800000, 0x0000000800000000)
  region size 4096K, 3 young (12288K), 1 survivors (4096K)
 Metaspace       used 70006K, committed 70720K, reserved 1114112K
  class space    used 9011K, committed 9344K, reserved 1048576K
GC Heap History (20 events):
Event: 1246.882 GC heap before
{Heap before GC invocations=90 (full 0):
 garbage-first heap   total 69632K, used 50268K [0x00000006c2800000, 0x0000000800000000)
  region size 4096K, 6 young (24576K), 1 survivors (4096K)
 Metaspace       used 69989K, committed 70720K, reserved 1114112K
  class space    used 9011K, committed 9344K, reserved 1048576K
}
Event: 1246.884 GC heap after
{Heap after GC invocations=91 (full 0):
 garbage-first heap   total 69632K, used 29774K [0x00000006c2800000, 0x0000000800000000)
  region size 4096K, 1 young (4096K), 1 survivors (4096K)
 Metaspace       used 69989K, committed 70720K, reserved 1114112K
  class space    used 9011K, committed 9344K, reserved 1048576K
}
Event: 1248.216 GC heap before
{Heap before GC invocations=91 (full 0):
 garbage-first heap   total 69632K, used 50254K [0x00000006c2800000, 0x0000000800000000)
  region size 4096K, 6 young (24576K), 1 survivors (4096K)
 Metaspace       used 69989K, committed 70720K, reserved 1114112K
  class space    used 9011K, committed 9344K, reserved 1048576K
}
Event: 1248.217 GC heap after
{Heap after GC invocations=92 (full 0):
 garbage-first heap   total 69632K, used 29772K [0x00000006c2800000, 0x0000000800000000)
  region size 4096K, 1 young (4096K), 1 survivors (4096K)
 Metaspace       used 69989K, committed 70720K, reserved 1114112K
  class space    used 9011K, committed 9344K, reserved 1048576K
}
Event: 1249.335 GC heap before
{Heap before GC invocations=93 (full 0):
 garbage-first heap   total 69632K, used 50252K [0x00000006c2800000, 0x0000000800000000)
  region size 4096K, 6 young (24576K), 1 survivors (4096K)
 Metaspace       used 69990K, committed 70720K, reserved 1114112K
  class space    used 9011K, committed 9344K, reserved 1048576K
}
Event: 1249.336 GC heap after
{Heap after GC invocations=94 (full 0):
 garbage-first heap   total 69632K, used 29768K [0x00000006c2800000, 0x0000000800000000)
  region size 4096K, 1 young (4096K), 1 survivors (4096K)
 Metaspace       used 69990K, committed 70720K, reserved 1114112K
  class space    used 9011K, committed 9344K, reserved 1048576K
}
Event: 1249.648 GC heap before
{Heap before GC invocations=94 (full 0):
 garbage-first heap   total 69632K, used 50248K [0x00000006c2800000, 0x0000000800000000)
  region size 4096K, 6 young (24576K), 1 survivors (4096K)
 Metaspace       used 69990K, committed 70720K, reserved 1114112K
  class space    used 9011K, committed 9344K, reserved 1048576K
}
Event: 1249.650 GC heap after
{Heap after GC invocations=95 (full 0):
 garbage-first heap   total 69632K, used 29786K [0x00000006c2800000, 0x0000000800000000)
  region size 4096K, 1 young (4096K), 1 survivors (4096K)
 Metaspace       used 69990K, committed 70720K, reserved 1114112K
  class space    used 9011K, committed 9344K, reserved 1048576K
}
Event: 1249.939 GC heap before
{Heap before GC invocations=96 (full 0):
 garbage-first heap   total 69632K, used 50266K [0x00000006c2800000, 0x0000000800000000)
  region size 4096K, 6 young (24576K), 1 survivors (4096K)
 Metaspace       used 69990K, committed 70720K, reserved 1114112K
  class space    used 9011K, committed 9344K, reserved 1048576K
}
Event: 1249.940 GC heap after
{Heap after GC invocations=97 (full 0):
 garbage-first heap   total 69632K, used 29770K [0x00000006c2800000, 0x0000000800000000)
  region size 4096K, 1 young (4096K), 1 survivors (4096K)
 Metaspace       used 69990K, committed 70720K, reserved 1114112K
  class space    used 9011K, committed 9344K, reserved 1048576K
}
Event: 1250.597 GC heap before
{Heap before GC invocations=97 (full 0):
 garbage-first heap   total 69632K, used 50250K [0x00000006c2800000, 0x0000000800000000)
  region size 4096K, 6 young (24576K), 1 survivors (4096K)
 Metaspace       used 69994K, committed 70720K, reserved 1114112K
  class space    used 9011K, committed 9344K, reserved 1048576K
}
Event: 1250.598 GC heap after
{Heap after GC invocations=98 (full 0):
 garbage-first heap   total 69632K, used 29772K [0x00000006c2800000, 0x0000000800000000)
  region size 4096K, 1 young (4096K), 1 survivors (4096K)
 Metaspace       used 69994K, committed 70720K, reserved 1114112K
  class space    used 9011K, committed 9344K, reserved 1048576K
}
Event: 1251.072 GC heap before
{Heap before GC invocations=99 (full 0):
 garbage-first heap   total 69632K, used 50252K [0x00000006c2800000, 0x0000000800000000)
  region size 4096K, 6 young (24576K), 1 survivors (4096K)
 Metaspace       used 69996K, committed 70720K, reserved 1114112K
  class space    used 9011K, committed 9344K, reserved 1048576K
}
Event: 1251.073 GC heap after
{Heap after GC invocations=100 (full 0):
 garbage-first heap   total 69632K, used 29770K [0x00000006c2800000, 0x0000000800000000)
  region size 4096K, 1 young (4096K), 1 survivors (4096K)
 Metaspace       used 69996K, committed 70720K, reserved 1114112K
  class space    used 9011K, committed 9344K, reserved 1048576K
}
Event: 1251.295 GC heap before
{Heap before GC invocations=100 (full 0):
 garbage-first heap   total 69632K, used 50250K [0x00000006c2800000, 0x0000000800000000)
  region size 4096K, 6 young (24576K), 1 survivors (4096K)
 Metaspace       used 69997K, committed 70720K, reserved 1114112K
  class space    used 9011K, committed 9344K, reserved 1048576K
}
Event: 1251.296 GC heap after
{Heap after GC invocations=101 (full 0):
 garbage-first heap   total 69632K, used 29766K [0x00000006c2800000, 0x0000000800000000)
  region size 4096K, 1 young (4096K), 1 survivors (4096K)
 Metaspace       used 69997K, committed 70720K, reserved 1114112K
  class space    used 9011K, committed 9344K, reserved 1048576K
}
Event: 1251.734 GC heap before
{Heap before GC invocations=102 (full 0):
 garbage-first heap   total 69632K, used 50246K [0x00000006c2800000, 0x0000000800000000)
  region size 4096K, 6 young (24576K), 1 survivors (4096K)
 Metaspace       used 69997K, committed 70720K, reserved 1114112K
  class space    used 9011K, committed 9344K, reserved 1048576K
}
Event: 1251.735 GC heap after
{Heap after GC invocations=103 (full 0):
 garbage-first heap   total 69632K, used 29787K [0x00000006c2800000, 0x0000000800000000)
  region size 4096K, 1 young (4096K), 1 survivors (4096K)
 Metaspace       used 69997K, committed 70720K, reserved 1114112K
  class space    used 9011K, committed 9344K, reserved 1048576K
}
Event: 1252.835 GC heap before
{Heap before GC invocations=103 (full 0):
 garbage-first heap   total 69632K, used 50267K [0x00000006c2800000, 0x0000000800000000)
  region size 4096K, 6 young (24576K), 1 survivors (4096K)
 Metaspace       used 70006K, committed 70720K, reserved 1114112K
  class space    used 9011K, committed 9344K, reserved 1048576K
}
Event: 1252.836 GC heap after
{Heap after GC invocations=104 (full 0):
 garbage-first heap   total 69632K, used 29777K [0x00000006c2800000, 0x0000000800000000)
  region size 4096K, 1 young (4096K), 1 survivors (4096K)
 Metaspace       used 70006K, committed 70720K, reserved 1114112K
  class space    used 9011K, committed 9344K, reserved 1048576K
}

